<?xml version="1.0" encoding="UTF-8"?>
<testng-results ignored="0" total="1" passed="1" failed="0" skipped="0">
  <reporter-output>
  </reporter-output>
  <suite started-at="2021-05-07T15:00:52 CDT" name="Default suite" finished-at="2021-05-07T15:01:22 CDT" duration-ms="29794">
    <groups>
    </groups>
    <test started-at="2021-05-07T15:00:52 CDT" name="Default test" finished-at="2021-05-07T15:01:22 CDT" duration-ms="29794">
      <class name="seleniumAssignments2.Assignment2">
        <test-method is-config="true" signature="beforeMethod()[pri:0, instance:seleniumAssignments2.Assignment2@3aefe5e5]" started-at="2021-05-07T15:00:52 CDT" name="beforeMethod" finished-at="2021-05-07T15:01:06 CDT" duration-ms="14350" status="PASS">
          <reporter-output>
          </reporter-output>
        </test-method> <!-- beforeMethod -->
        <test-method signature="test()[pri:0, instance:seleniumAssignments2.Assignment2@3aefe5e5]" started-at="2021-05-07T15:01:06 CDT" name="test" finished-at="2021-05-07T15:01:19 CDT" duration-ms="12761" status="PASS">
          <reporter-output>
          </reporter-output>
        </test-method> <!-- test -->
        <test-method is-config="true" signature="afterMethod()[pri:0, instance:seleniumAssignments2.Assignment2@3aefe5e5]" started-at="2021-05-07T15:01:19 CDT" name="afterMethod" finished-at="2021-05-07T15:01:22 CDT" duration-ms="2570" status="PASS">
          <reporter-output>
          </reporter-output>
        </test-method> <!-- afterMethod -->
      </class> <!-- seleniumAssignments2.Assignment2 -->
    </test> <!-- Default test -->
  </suite> <!-- Default suite -->
</testng-results>
