<?xml version="1.0" encoding="UTF-8"?>
<testng-results ignored="0" total="1" passed="1" failed="0" skipped="0">
  <reporter-output>
  </reporter-output>
  <suite started-at="2021-05-08T13:35:36 CDT" name="Default suite" finished-at="2021-05-08T13:35:47 CDT" duration-ms="11452">
    <groups>
    </groups>
    <test started-at="2021-05-08T13:35:36 CDT" name="Default test" finished-at="2021-05-08T13:35:47 CDT" duration-ms="11452">
      <class name="seleniumAssignments3.Assignment1">
        <test-method is-config="true" signature="beforeMethod()[pri:0, instance:seleniumAssignments3.Assignment1@7f552bd3]" started-at="2021-05-08T13:35:36 CDT" name="beforeMethod" finished-at="2021-05-08T13:35:37 CDT" duration-ms="616" status="PASS">
          <reporter-output>
          </reporter-output>
        </test-method> <!-- beforeMethod -->
        <test-method signature="f()[pri:0, instance:seleniumAssignments3.Assignment1@7f552bd3]" started-at="2021-05-08T13:35:37 CDT" name="f" finished-at="2021-05-08T13:35:45 CDT" duration-ms="8255" status="PASS">
          <reporter-output>
          </reporter-output>
        </test-method> <!-- f -->
        <test-method is-config="true" signature="afterMethod()[pri:0, instance:seleniumAssignments3.Assignment1@7f552bd3]" started-at="2021-05-08T13:35:45 CDT" name="afterMethod" finished-at="2021-05-08T13:35:47 CDT" duration-ms="2442" status="PASS">
          <reporter-output>
          </reporter-output>
        </test-method> <!-- afterMethod -->
      </class> <!-- seleniumAssignments3.Assignment1 -->
    </test> <!-- Default test -->
  </suite> <!-- Default suite -->
</testng-results>
